<?xml version="1.0" encoding="UTF-8"?>
<!-- Generated by org.testng.reporters.JUnitXMLReporter -->
<testsuite ignored="8" hostname="latitude" failures="0" tests="1" name="Default test" time="26.176" errors="0" timestamp="2023-04-05T23:55:46 EDT">
  <testcase classname="testPages.HomePageTest" name="clickSignInThenClickUserNameThenInputTextTest" time="12.717"/>
  <testcase classname="testPages.HomePageTest" name="use_of_cssSelector_as_locator" time="0.0">
    <ignored/>
  </testcase> <!-- use_of_cssSelector_as_locator -->
  <testcase classname="testPages.HomePageTest" name="clickSendButtonTest" time="0.0">
    <ignored/>
  </testcase> <!-- clickSendButtonTest -->
  <testcase classname="testPages.HomePageTest" name="use_of_partialLinkText_as_locator" time="0.0">
    <ignored/>
  </testcase> <!-- use_of_partialLinkText_as_locator -->
  <testcase classname="testPages.HomePageTest" name="inputTextInSearchButtonTest" time="0.0">
    <ignored/>
  </testcase> <!-- inputTextInSearchButtonTest -->
  <testcase classname="testPages.HomePageTest" name="clickSignInButtonTest" time="0.0">
    <ignored/>
  </testcase> <!-- clickSignInButtonTest -->
  <testcase classname="testPages.HomePageTest" name="use_of_linkText_as_locator" time="0.0">
    <ignored/>
  </testcase> <!-- use_of_linkText_as_locator -->
  <testcase classname="testPages.HomePageTest" name="logoDisplayedTest" time="0.0">
    <ignored/>
  </testcase> <!-- logoDisplayedTest -->
  <testcase classname="testPages.HomePageTest" name="clickSearchButtonTest" time="0.0">
    <ignored/>
  </testcase> <!-- clickSearchButtonTest -->
</testsuite> <!-- Default test -->
