<?xml version="1.0" encoding="UTF-8"?>
<!-- Generated by org.testng.reporters.JUnitXMLReporter -->
<testsuite ignored="35" hostname="latitude" failures="0" tests="1" name="Default test" time="23.584" errors="0" timestamp="2023-04-11T13:35:44 EDT">
  <testcase classname="testPages.HomePageTest" name="use_of_scrollDown_and_scrollUp_by_javaScriptExecutor" time="8.084"/>
  <testcase classname="testPages.HomePageTest" name="clickSendButtonTest" time="0.0">
    <ignored/>
  </testcase> <!-- clickSendButtonTest -->
  <testcase classname="testPages.HomePageTest" name="loggerPositiveMethodTest" time="0.0">
    <ignored/>
  </testcase> <!-- loggerPositiveMethodTest -->
  <testcase classname="testPages.HomePageTest" name="use_of_getTitle_method_in_homePage" time="0.0">
    <ignored/>
  </testcase> <!-- use_of_getTitle_method_in_homePage -->
  <testcase classname="testPages.HomePageTest" name="logoDisplayedTest" time="0.0">
    <ignored/>
  </testcase> <!-- logoDisplayedTest -->
  <testcase classname="testPages.HomePageTest" name="use_of_sendKeys_then_click_by_return_key_of_laptop" time="0.0">
    <ignored/>
  </testcase> <!-- use_of_sendKeys_then_click_by_return_key_of_laptop -->
  <testcase classname="testPages.HomePageTest" name="logoDisplayedTest2" time="0.0">
    <ignored/>
  </testcase> <!-- logoDisplayedTest2 -->
  <testcase classname="testPages.HomePageTest" name="use_of_sendKeys_method_by_javaScriptExecutor_then_click" time="0.0">
    <ignored/>
  </testcase> <!-- use_of_sendKeys_method_by_javaScriptExecutor_then_click -->
  <testcase classname="testPages.HomePageTest" name="use_of_cssSelector_as_locator" time="0.0">
    <ignored/>
  </testcase> <!-- use_of_cssSelector_as_locator -->
  <testcase classname="testPages.HomePageTest" name="use_of_select_by_value_method" time="0.0">
    <ignored/>
  </testcase> <!-- use_of_select_by_value_method -->
  <testcase classname="testPages.HomePageTest" name="use_of_explicitly_wait_number2" time="0.0">
    <ignored/>
  </testcase> <!-- use_of_explicitly_wait_number2 -->
  <testcase classname="testPages.HomePageTest" name="use_of_getText_method" time="0.0">
    <ignored/>
  </testcase> <!-- use_of_getText_method -->
  <testcase classname="testPages.HomePageTest" name="use_of_isEnabled_in_signIn_button" time="0.0">
    <ignored/>
  </testcase> <!-- use_of_isEnabled_in_signIn_button -->
  <testcase classname="testPages.HomePageTest" name="use_of_getCurrentURL_method" time="0.0">
    <ignored/>
  </testcase> <!-- use_of_getCurrentURL_method -->
  <testcase classname="testPages.HomePageTest" name="use_of_set_size_for_window" time="0.0">
    <ignored/>
  </testcase> <!-- use_of_set_size_for_window -->
  <testcase classname="testPages.HomePageTest" name="use_of_getTitle_method_with_soft_assertion" time="0.0">
    <ignored/>
  </testcase> <!-- use_of_getTitle_method_with_soft_assertion -->
  <testcase classname="testPages.HomePageTest" name="clickSignInButtonTest" time="0.0">
    <ignored/>
  </testcase> <!-- clickSignInButtonTest -->
  <testcase classname="testPages.HomePageTest" name="clickSignInThenClickUserNameThenInputTextTest" time="0.0">
    <ignored/>
  </testcase> <!-- clickSignInThenClickUserNameThenInputTextTest -->
  <testcase classname="testPages.HomePageTest" name="use_of_javaScriptExecutor_method_in_signInButton" time="0.0">
    <ignored/>
  </testcase> <!-- use_of_javaScriptExecutor_method_in_signInButton -->
  <testcase classname="testPages.HomePageTest" name="use_of_linkText_as_locator" time="0.0">
    <ignored/>
  </testcase> <!-- use_of_linkText_as_locator -->
  <testcase classname="testPages.HomePageTest" name="use_of_dropDown_select_by_visibleText_method" time="0.0">
    <ignored/>
  </testcase> <!-- use_of_dropDown_select_by_visibleText_method -->
  <testcase classname="testPages.HomePageTest" name="use_of_select_by_index_method" time="0.0">
    <ignored/>
  </testcase> <!-- use_of_select_by_index_method -->
  <testcase classname="testPages.HomePageTest" name="clickSearchButtonTest" time="0.0">
    <ignored/>
  </testcase> <!-- clickSearchButtonTest -->
  <testcase classname="testPages.HomePageTest" name="use_of_scrollDown_and_scrollUp_by_actions_class" time="0.0">
    <ignored/>
  </testcase> <!-- use_of_scrollDown_and_scrollUp_by_actions_class -->
  <testcase classname="testPages.HomePageTest" name="use_of_explicitly_wait_number1" time="0.0">
    <ignored/>
  </testcase> <!-- use_of_explicitly_wait_number1 -->
  <testcase classname="testPages.HomePageTest" name="use_of_nevigate_method" time="0.0">
    <ignored/>
  </testcase> <!-- use_of_nevigate_method -->
  <testcase classname="testPages.HomePageTest" name="use_of_getTitle_method_with_assertion" time="0.0">
    <ignored/>
  </testcase> <!-- use_of_getTitle_method_with_assertion -->
  <testcase classname="testPages.HomePageTest" name="use_of_sendKeys_then_clear_method" time="0.0">
    <ignored/>
  </testcase> <!-- use_of_sendKeys_then_clear_method -->
  <testcase classname="testPages.HomePageTest" name="use_of_sendKeys_then_click_by_enter_key_of_laptop" time="0.0">
    <ignored/>
  </testcase> <!-- use_of_sendKeys_then_click_by_enter_key_of_laptop -->
  <testcase classname="testPages.HomePageTest" name="inputTextInSearchButtonTest" time="0.0">
    <ignored/>
  </testcase> <!-- inputTextInSearchButtonTest -->
  <testcase classname="testPages.HomePageTest" name="use_of_hidden_element_by_JavascriptExecutor" time="0.0">
    <ignored/>
  </testcase> <!-- use_of_hidden_element_by_JavascriptExecutor -->
  <testcase classname="testPages.HomePageTest" name="use_of_mouse_hoverAction" time="0.0">
    <ignored/>
  </testcase> <!-- use_of_mouse_hoverAction -->
  <testcase classname="testPages.HomePageTest" name="use_of_isDisplayed_in_logo" time="0.0">
    <ignored/>
  </testcase> <!-- use_of_isDisplayed_in_logo -->
  <testcase classname="testPages.HomePageTest" name="use_of_partialLinkText_as_locator" time="0.0">
    <ignored/>
  </testcase> <!-- use_of_partialLinkText_as_locator -->
  <testcase classname="testPages.HomePageTest" name="use_of_hidden_element_by_selenium_method" time="0.0">
    <ignored/>
  </testcase> <!-- use_of_hidden_element_by_selenium_method -->
  <testcase classname="testPages.HomePageTest" name="use_of_getAttribute_method" time="0.0">
    <ignored/>
  </testcase> <!-- use_of_getAttribute_method -->
</testsuite> <!-- Default test -->
