<?xml version="1.0" encoding="UTF-8"?>
<testng-results ignored="35" total="36" passed="1" failed="0" skipped="0">
  <reporter-output>
  </reporter-output>
  <suite started-at="2023-04-11T13:35:20 EDT" name="Default suite" finished-at="2023-04-11T13:35:44 EDT" duration-ms="23584">
    <groups>
    </groups>
    <test started-at="2023-04-11T13:35:20 EDT" name="Default test" finished-at="2023-04-11T13:35:44 EDT" duration-ms="23584">
      <class name="testPages.HomePageTest">
        <test-method is-config="true" signature="setUp()[pri:0, instance:testPages.HomePageTest@25641d39]" started-at="2023-04-11T13:35:20 EDT" name="setUp" finished-at="2023-04-11T13:35:36 EDT" duration-ms="15240" status="PASS">
          <reporter-output>
          </reporter-output>
        </test-method> <!-- setUp -->
        <test-method signature="use_of_scrollDown_and_scrollUp_by_javaScriptExecutor()[pri:0, instance:testPages.HomePageTest@25641d39]" started-at="2023-04-11T13:35:36 EDT" name="use_of_scrollDown_and_scrollUp_by_javaScriptExecutor" finished-at="2023-04-11T13:35:44 EDT" duration-ms="8084" status="PASS">
          <reporter-output>
          </reporter-output>
        </test-method> <!-- use_of_scrollDown_and_scrollUp_by_javaScriptExecutor -->
        <test-method is-config="true" signature="tearUp()[pri:0, instance:testPages.HomePageTest@25641d39]" started-at="2023-04-11T13:35:44 EDT" name="tearUp" finished-at="2023-04-11T13:35:44 EDT" duration-ms="198" status="PASS">
          <reporter-output>
          </reporter-output>
        </test-method> <!-- tearUp -->
      </class> <!-- testPages.HomePageTest -->
    </test> <!-- Default test -->
  </suite> <!-- Default suite -->
</testng-results>
